{"message":"Node App started on port: undefined","level":"info","timestamp":"2020-09-25 23:33:27"}
{"message":"Node App started on port: undefined","level":"info","timestamp":"2020-09-25 23:34:20"}
{"message":"Node App started on port: undefined","level":"info","timestamp":"2020-09-25 23:34:57"}
{"message":"Node App started on port: 3000","level":"info","timestamp":"2020-09-25 23:35:12"}
{"message":"Node App started on port: 3000","level":"info","timestamp":"2020-09-25 23:37:17"}
{"message":"Generic Error: connect ECONNREFUSED 127.0.0.1:3306","level":"error","timestamp":"2020-09-25 23:47:59"}
{"message":"Node App started on port: 3000","level":"info","timestamp":"2020-09-25 23:49:14"}
{"message":"Generic Error: Client does not support authentication protocol requested by server; consider upgrading MySQL client","level":"error","timestamp":"2020-09-25 23:49:23"}
{"message":"Node App started on port: 3000","level":"info","timestamp":"2020-09-25 23:50:00"}
{"message":"Node App started on port: 3000","level":"info","timestamp":"2020-09-25 23:51:30"}
{"message":"Node App started on port: 3000","level":"info","timestamp":"2020-09-25 23:52:23"}
{"message":"Generic Error: Client does not support authentication protocol requested by server; consider upgrading MySQL client","level":"error","timestamp":"2020-09-25 23:52:35"}
{"message":"Node App started on port: 3000","level":"info","timestamp":"2020-09-25 23:53:35"}
{"message":"Generic Error: Client does not support authentication protocol requested by server; consider upgrading MySQL client","level":"error","timestamp":"2020-09-25 23:53:40"}
{"message":"Generic Error: Table 'vorkinsta.users' doesn't exist","level":"error","timestamp":"2020-09-25 23:57:27"}
{"message":"Node App started on port: 3000","level":"info","timestamp":"2020-09-25 23:58:04"}
{"message":"Generic Error: Table 'vorkinsta.users' doesn't exist","level":"error","timestamp":"2020-09-25 23:58:14"}
{"message":"Node App started on port: 3000","level":"info","timestamp":"2020-09-25 23:59:46"}
{"message":"Generic Error: Unknown column 'created_at' in 'field list'","level":"error","timestamp":"2020-09-25 23:59:52"}
{"message":"Error in saving connection status in DB: SequelizeDatabaseError: Table 'vorkinsta.user_connectivity_status' doesn't exist","level":"error","timestamp":"2020-09-25 23:59:59"}
{"message":"Node App started on port: 3000","level":"info","timestamp":"2020-09-26 00:02:33"}
{"message":"Node App started on port: 3000","level":"info","timestamp":"2020-09-26 00:03:06"}
{"message":"Node App started on port: 3000","level":"info","timestamp":"2020-09-26 00:03:26"}
{"message":"Generic Error: Table 'vorkinsta.user_roles' doesn't exist","level":"error","timestamp":"2020-09-26 00:03:46"}
{"message":"Node App started on port: 3000","level":"info","timestamp":"2020-09-26 00:04:52"}
{"message":"Generic Error: Unknown column 'roles.user_id' in 'field list'","level":"error","timestamp":"2020-09-26 00:05:04"}
{"message":"Node App started on port: 3000","level":"info","timestamp":"2020-09-26 00:06:14"}
{"message":"Generic Error: Unknown column 'roles.user_id' in 'field list'","level":"error","timestamp":"2020-09-26 00:06:23"}
{"message":"Node App started on port: 3000","level":"info","timestamp":"2020-09-26 00:06:40"}
{"message":"Node App started on port: 3000","level":"info","timestamp":"2020-09-26 12:09:36"}
{"message":"Node App started on port: 3000","level":"info","timestamp":"2020-09-26 12:17:41"}
{"message":"Node App started on port: 3000","level":"info","timestamp":"2020-09-26 12:20:21"}
{"message":"Node App started on port: 3000","level":"info","timestamp":"2020-09-26 12:22:46"}
{"message":"Generic Error: Unknown column 'created_at' in 'field list'","level":"error","timestamp":"2020-09-26 12:31:48"}
{"message":"Node App started on port: 3000","level":"info","timestamp":"2020-09-26 12:35:04"}
{"message":"Generic Error: Unknown column 'updated_at' in 'field list'","level":"error","timestamp":"2020-09-26 12:35:08"}
{"message":"Node App started on port: 3000","level":"info","timestamp":"2020-09-26 12:35:28"}
{"message":"Node App started on port: 3000","level":"info","timestamp":"2020-09-26 12:37:53"}
{"message":"Generic Error: Unknown column 'updated_at' in 'field list'","level":"error","timestamp":"2020-09-26 12:38:21"}
{"message":"Node App started on port: 3000","level":"info","timestamp":"2020-09-26 12:38:41"}
{"message":"Generic Error: Unknown column 'updated_at' in 'field list'","level":"error","timestamp":"2020-09-26 12:38:51"}
{"message":"Node App started on port: 3000","level":"info","timestamp":"2020-09-26 12:41:13"}
{"message":"Generic Error: Data too long for column 'password' at row 1","level":"error","timestamp":"2020-09-26 12:41:22"}
{"message":"Generic Error: Invalid login: 535-5.7.8 Username and Password not accepted. Learn more at\n535 5.7.8  https://support.google.com/mail/?p=BadCredentials x13sm4493026pfj.199 - gsmtp","level":"error","timestamp":"2020-09-26 12:42:59"}
{"message":"Node App started on port: 3000","level":"info","timestamp":"2020-09-26 12:45:02"}
{"message":"Node App started on port: 3000","level":"info","timestamp":"2020-09-26 12:46:00"}
{"message":"Node App started on port: 3000","level":"info","timestamp":"2020-09-26 12:46:38"}
{"message":"Node App started on port: 3000","level":"info","timestamp":"2020-09-26 12:47:26"}
{"message":"Node App started on port: 3000","level":"info","timestamp":"2020-09-26 12:48:08"}
{"message":"Generic Error: Invalid login: 535-5.7.8 Username and Password not accepted. Learn more at\n535 5.7.8  https://support.google.com/mail/?p=BadCredentials v13sm984093pjr.12 - gsmtp","level":"error","timestamp":"2020-09-26 12:48:58"}
{"message":"Node App started on port: 3000","level":"info","timestamp":"2020-09-26 12:50:02"}
{"message":"Node App started on port: 3000","level":"info","timestamp":"2020-09-26 12:51:45"}
{"message":"Generic Error: Invalid login: 535-5.7.8 Username and Password not accepted. Learn more at\n535 5.7.8  https://support.google.com/mail/?p=BadCredentials y195sm4802308pfc.137 - gsmtp","level":"error","timestamp":"2020-09-26 12:52:28"}
{"message":"Node App started on port: 3000","level":"info","timestamp":"2020-09-26 12:52:53"}
{"message":"Node App started on port: 3000","level":"info","timestamp":"2020-09-26 12:53:52"}
{"message":"Generic Error: Invalid login: 535-5.7.8 Username and Password not accepted. Learn more at\n535 5.7.8  https://support.google.com/mail/?p=BadCredentials j14sm983343pjz.21 - gsmtp","level":"error","timestamp":"2020-09-26 12:54:01"}
{"message":"Node App started on port: 3000","level":"info","timestamp":"2020-09-26 12:54:57"}
{"message":"Generic Error: Invalid login: 535-5.7.8 Username and Password not accepted. Learn more at\n535 5.7.8  https://support.google.com/mail/?p=BadCredentials r1sm4036530pgl.66 - gsmtp","level":"error","timestamp":"2020-09-26 12:55:39"}
{"message":"Node App started on port: 3000","level":"info","timestamp":"2020-09-26 13:02:38"}
{"message":"Generic Error: Invalid login: 535-5.7.8 Username and Password not accepted. Learn more at\n535 5.7.8  https://support.google.com/mail/?p=BadCredentials e19sm4036734pgt.43 - gsmtp","level":"error","timestamp":"2020-09-26 13:03:40"}
{"message":"Node App started on port: 3000","level":"info","timestamp":"2020-09-26 13:08:53"}
{"message":"Generic Error: Invalid login: 535-5.7.8 Username and Password not accepted. Learn more at\n535 5.7.8  https://support.google.com/mail/?p=BadCredentials e17sm677827pgm.84 - gsmtp","level":"error","timestamp":"2020-09-26 13:08:59"}
{"message":"Node App started on port: 3000","level":"info","timestamp":"2020-09-26 13:10:44"}
{"message":"Generic Error: Invalid login: 535-5.7.8 Username and Password not accepted. Learn more at\n535 5.7.8  https://support.google.com/mail/?p=BadCredentials c68sm4807908pfc.31 - gsmtp","level":"error","timestamp":"2020-09-26 13:11:11"}
{"message":"Node App started on port: 3000","level":"info","timestamp":"2020-09-26 13:11:59"}
{"message":"Generic Error: Invalid login: 535-5.7.8 Username and Password not accepted. Learn more at\n535 5.7.8  https://support.google.com/mail/?p=BadCredentials a18sm3943577pgw.50 - gsmtp","level":"error","timestamp":"2020-09-26 13:13:01"}
{"message":"Node App started on port: 3000","level":"info","timestamp":"2020-09-26 13:15:34"}
{"message":"Node App started on port: 3000","level":"info","timestamp":"2020-09-26 13:15:55"}
{"message":"Generic Error: Invalid login: 535-5.7.8 Username and Password not accepted. Learn more at\n535 5.7.8  https://support.google.com/mail/?p=BadCredentials 22sm4739643pfw.17 - gsmtp","level":"error","timestamp":"2020-09-26 13:16:16"}
{"message":"Node App started on port: 3000","level":"info","timestamp":"2020-09-26 13:17:04"}
{"message":"Node App started on port: 3000","level":"info","timestamp":"2020-09-26 13:17:17"}
{"message":"Generic Error: Invalid login: 535-5.7.8 Username and Password not accepted. Learn more at\n535 5.7.8  https://support.google.com/mail/?p=BadCredentials j4sm4780588pfd.101 - gsmtp","level":"error","timestamp":"2020-09-26 13:17:36"}
{"message":"Node App started on port: 3000","level":"info","timestamp":"2020-09-26 13:19:45"}
{"message":"Generic Error: Invalid login: 535-5.7.8 Username and Password not accepted. Learn more at\n535 5.7.8  https://support.google.com/mail/?p=BadCredentials r4sm1064874pjf.4 - gsmtp","level":"error","timestamp":"2020-09-26 13:20:15"}
{"message":"Node App started on port: 3000","level":"info","timestamp":"2020-09-26 13:22:15"}
{"message":"Node App started on port: 3000","level":"info","timestamp":"2020-09-26 14:22:27"}
{"message":"Node App started on port: 3000","level":"info","timestamp":"2020-09-26 14:28:47"}
{"message":"Node App started on port: 3000","level":"info","timestamp":"2020-09-26 14:29:39"}
{"message":"Node App started on port: 3000","level":"info","timestamp":"2020-09-26 14:32:03"}
{"message":"Node App started on port: 3000","level":"info","timestamp":"2020-09-26 14:34:10"}
{"message":"Node App started on port: 3000","level":"info","timestamp":"2020-09-26 14:40:38"}
{"message":"Node App started on port: 3000","level":"info","timestamp":"2020-09-26 14:40:55"}
{"message":"Generic Error: string violation: userPassword cannot be an array or an object","level":"error","timestamp":"2020-09-26 14:41:18"}
{"message":"Node App started on port: 3000","level":"info","timestamp":"2020-09-26 14:43:43"}
{"message":"Node App started on port: 3000","level":"info","timestamp":"2020-09-26 15:14:34"}
{"message":"Node App started on port: 3000","level":"info","timestamp":"2020-09-26 15:22:54"}
{"message":"Node App started on port: 3000","level":"info","timestamp":"2020-09-26 15:23:05"}
{"message":"Node App started on port: 3000","level":"info","timestamp":"2020-09-26 15:49:33"}
{"message":"Node App started on port: 3000","level":"info","timestamp":"2020-09-26 15:49:56"}
{"message":"Node App started on port: 3000","level":"info","timestamp":"2020-09-26 15:51:50"}
{"message":"Generic Error: data and hash arguments required","level":"error","timestamp":"2020-09-26 15:52:04"}
{"message":"Node App started on port: 3000","level":"info","timestamp":"2020-09-26 15:53:44"}
{"message":"Node App started on port: 3000","level":"info","timestamp":"2020-09-26 15:54:17"}
{"message":"Node App started on port: 3000","level":"info","timestamp":"2020-09-26 15:54:54"}
{"message":"Node App started on port: 3000","level":"info","timestamp":"2020-09-26 15:55:59"}
{"message":"Node App started on port: 3000","level":"info","timestamp":"2020-09-26 15:57:41"}
{"message":"Node App started on port: 3000","level":"info","timestamp":"2020-09-26 15:58:55"}
{"message":"Node App started on port: 3000","level":"info","timestamp":"2020-09-26 15:59:52"}
{"message":"Node App started on port: 3000","level":"info","timestamp":"2020-09-26 16:00:57"}
{"message":"Node App started on port: 3000","level":"info","timestamp":"2020-09-26 16:02:00"}
{"message":"Node App started on port: 3000","level":"info","timestamp":"2020-09-26 16:04:00"}
{"message":"Node App started on port: 3000","level":"info","timestamp":"2020-09-26 16:04:26"}
{"message":"Node App started on port: 3000","level":"info","timestamp":"2020-09-26 16:06:11"}
{"message":"Node App started on port: 3000","level":"info","timestamp":"2020-09-26 17:22:40"}
{"message":"Node App started on port: 3000","level":"info","timestamp":"2020-09-26 17:23:55"}
{"message":"Node App started on port: 3000","level":"info","timestamp":"2020-09-26 17:33:36"}
{"message":"Node App started on port: 3000","level":"info","timestamp":"2020-09-26 17:34:11"}
{"message":"Node App started on port: 3000","level":"info","timestamp":"2020-09-26 17:44:48"}
{"message":"Node App started on port: 3000","level":"info","timestamp":"2020-09-26 18:15:17"}
{"message":"Node App started on port: 3000","level":"info","timestamp":"2020-09-26 18:16:13"}
{"message":"Node App started on port: 3000","level":"info","timestamp":"2020-09-26 18:22:19"}
{"message":"Node App started on port: 3000","level":"info","timestamp":"2020-09-26 18:22:44"}
{"message":"Node App started on port: 3000","level":"info","timestamp":"2020-09-26 18:25:21"}
{"message":"Node App started on port: 3000","level":"info","timestamp":"2020-09-26 18:32:48"}
{"message":"Generic Error: fn is not a function","level":"error","timestamp":"2020-09-26 18:37:47"}
{"message":"Node App started on port: 3000","level":"info","timestamp":"2020-09-26 18:38:20"}
{"message":"Node App started on port: 3000","level":"info","timestamp":"2020-09-26 18:39:05"}
{"message":"Node App started on port: 3000","level":"info","timestamp":"2020-09-26 18:41:23"}
{"message":"Node App started on port: 3000","level":"info","timestamp":"2020-09-26 18:43:19"}
{"message":"Node App started on port: 3000","level":"info","timestamp":"2020-09-26 18:43:32"}
{"message":"Node App started on port: 3000","level":"info","timestamp":"2020-09-26 18:43:38"}
{"message":"Node App started on port: 3000","level":"info","timestamp":"2020-09-26 18:49:56"}
{"message":"Node App started on port: 3000","level":"info","timestamp":"2020-09-26 18:51:08"}
{"message":"Node App started on port: 3000","level":"info","timestamp":"2020-09-26 18:57:19"}
{"message":"Node App started on port: 3000","level":"info","timestamp":"2020-09-26 18:57:43"}
{"message":"Generic Error: WHERE parameter \"email_id\" has invalid \"undefined\" value","level":"error","timestamp":"2020-09-26 19:05:40"}
{"message":"Node App started on port: 3000","level":"info","timestamp":"2020-09-26 19:09:28"}
{"message":"Generic Error: Unknown column 'roles.user_id' in 'field list'","level":"error","timestamp":"2020-09-26 19:09:34"}
{"message":"Node App started on port: 3000","level":"info","timestamp":"2020-09-26 19:10:24"}
{"message":"Node App started on port: 3000","level":"info","timestamp":"2020-09-26 19:17:21"}
{"message":"Node App started on port: 3000","level":"info","timestamp":"2020-09-26 19:21:38"}
{"message":"Node App started on port: 3000","level":"info","timestamp":"2020-09-26 19:26:11"}
{"message":"Node App started on port: 3000","level":"info","timestamp":"2020-09-26 19:40:41"}
{"message":"Node App started on port: 3000","level":"info","timestamp":"2020-09-26 19:41:11"}
{"message":"Node App started on port: 3000","level":"info","timestamp":"2020-09-26 19:41:47"}
{"message":"Node App started on port: 3000","level":"info","timestamp":"2020-09-26 19:55:16"}
{"message":"Generic Error: fn is not a function","level":"error","timestamp":"2020-09-26 19:55:56"}
{"message":"Node App started on port: 3000","level":"info","timestamp":"2020-09-26 19:56:32"}
{"message":"Node App started on port: 3000","level":"info","timestamp":"2020-09-26 19:56:48"}
{"message":"Node App started on port: 3000","level":"info","timestamp":"2020-09-26 19:57:01"}
{"message":"Node App started on port: 3000","level":"info","timestamp":"2020-09-26 20:08:46"}
{"message":"Node App started on port: 3000","level":"info","timestamp":"2020-09-27 21:57:14"}
{"message":"Node App started on port: 3000","level":"info","timestamp":"2020-09-27 22:09:55"}
{"message":"Node App started on port: 3000","level":"info","timestamp":"2020-09-27 22:30:55"}
{"message":"Node App started on port: 3000","level":"info","timestamp":"2020-09-27 22:34:38"}
{"message":"Node App started on port: 3000","level":"info","timestamp":"2020-09-27 22:44:26"}
{"message":"Node App started on port: 3000","level":"info","timestamp":"2020-09-27 22:46:26"}
{"message":"Node App started on port: 3000","level":"info","timestamp":"2020-09-27 22:48:05"}
{"message":"Node App started on port: 3000","level":"info","timestamp":"2020-09-27 22:49:12"}
{"message":"Node App started on port: 3000","level":"info","timestamp":"2020-09-27 22:49:20"}
{"message":"Node App started on port: 3000","level":"info","timestamp":"2020-09-27 22:52:35"}
{"message":"Node App started on port: 3000","level":"info","timestamp":"2020-09-27 22:56:02"}
{"message":"Node App started on port: 3000","level":"info","timestamp":"2020-09-27 23:04:22"}
{"message":"Node App started on port: 3000","level":"info","timestamp":"2020-09-27 23:06:53"}
{"message":"Node App started on port: 3000","level":"info","timestamp":"2020-09-27 23:08:19"}
{"message":"Node App started on port: 3000","level":"info","timestamp":"2020-09-27 23:09:46"}
{"message":"Generic Error: Skill is not associated to Profile!","level":"error","timestamp":"2020-09-27 23:10:07"}
{"message":"Node App started on port: 3000","level":"info","timestamp":"2020-09-27 23:11:08"}
{"message":"Node App started on port: 3000","level":"info","timestamp":"2020-09-27 23:12:05"}
{"message":"Node App started on port: 3000","level":"info","timestamp":"2020-09-27 23:13:19"}
{"message":"Node App started on port: 3000","level":"info","timestamp":"2020-09-27 23:16:11"}
{"message":"Node App started on port: 3000","level":"info","timestamp":"2020-09-27 23:16:22"}
{"message":"Node App started on port: 3000","level":"info","timestamp":"2020-09-27 23:16:26"}
{"message":"Generic Error: Skill is not associated to Profile!","level":"error","timestamp":"2020-09-27 23:16:37"}
{"message":"Node App started on port: 3000","level":"info","timestamp":"2020-09-27 23:17:40"}
{"message":"Node App started on port: 3000","level":"info","timestamp":"2020-09-27 23:18:22"}
{"message":"Node App started on port: 3000","level":"info","timestamp":"2020-09-27 23:19:25"}
{"message":"Node App started on port: 3000","level":"info","timestamp":"2020-09-27 23:19:50"}
{"message":"Node App started on port: 3000","level":"info","timestamp":"2020-09-27 23:20:42"}
{"message":"Node App started on port: 3000","level":"info","timestamp":"2020-09-27 23:21:19"}
{"message":"Generic Error: Unknown column 'skill.skill_id' in 'field list'","level":"error","timestamp":"2020-09-27 23:21:22"}
{"message":"Node App started on port: 3000","level":"info","timestamp":"2020-09-27 23:21:53"}
{"message":"Node App started on port: 3000","level":"info","timestamp":"2020-09-27 23:22:19"}
{"message":"Node App started on port: 3000","level":"info","timestamp":"2020-09-27 23:22:46"}
{"message":"Node App started on port: 3000","level":"info","timestamp":"2020-09-27 23:36:35"}
{"message":"Node App started on port: 3000","level":"info","timestamp":"2020-09-27 23:37:49"}
{"message":"Node App started on port: 3000","level":"info","timestamp":"2020-09-27 23:38:32"}
{"message":"Node App started on port: 3000","level":"info","timestamp":"2020-09-27 23:42:55"}
{"message":"Node App started on port: 3000","level":"info","timestamp":"2020-09-27 23:43:45"}
{"message":"Node App started on port: 3000","level":"info","timestamp":"2020-09-27 23:47:23"}
{"message":"Node App started on port: 3000","level":"info","timestamp":"2020-09-27 23:48:28"}
{"message":"Node App started on port: 3000","level":"info","timestamp":"2020-09-27 23:49:48"}
{"message":"Node App started on port: 3000","level":"info","timestamp":"2020-09-28 00:09:49"}
{"message":"Node App started on port: 3000","level":"info","timestamp":"2020-09-28 00:10:41"}
{"message":"Node App started on port: 3000","level":"info","timestamp":"2020-09-28 00:11:19"}
{"message":"Node App started on port: 3000","level":"info","timestamp":"2020-09-28 22:52:04"}
{"message":"Node App started on port: 3000","level":"info","timestamp":"2020-09-28 22:52:51"}
{"message":"Node App started on port: 3000","level":"info","timestamp":"2020-09-28 23:01:31"}
{"message":"Node App started on port: 3000","level":"info","timestamp":"2020-09-28 23:02:04"}
{"message":"Node App started on port: 5001","level":"info","timestamp":"2020-09-29 22:17:58"}
{"message":"Node App started on port: 5001","level":"info","timestamp":"2020-09-29 22:30:19"}
{"message":"Generic Error: WHERE parameter \"email_id\" has invalid \"undefined\" value","level":"error","timestamp":"2020-09-30 00:34:41"}
{"message":"Generic Error: WHERE parameter \"email_id\" has invalid \"undefined\" value","level":"error","timestamp":"2020-09-30 00:35:43"}
{"message":"Generic Error: connect ECONNREFUSED 127.0.0.1:3307","level":"error","timestamp":"2020-09-30 00:43:22"}
{"message":"Generic Error: connect ECONNREFUSED 127.0.0.1:3307","level":"error","timestamp":"2020-09-30 00:44:11"}
{"message":"Generic Error: WHERE parameter \"email_id\" has invalid \"undefined\" value","level":"error","timestamp":"2020-09-30 00:45:37"}
{"message":"Generic Error: WHERE parameter \"email_id\" has invalid \"undefined\" value","level":"error","timestamp":"2020-09-30 00:46:13"}
{"message":"Node App started on port: 5001","level":"info","timestamp":"2020-09-30 00:48:33"}
{"message":"Node App started on port: 5001","level":"info","timestamp":"2020-09-30 02:10:14"}
{"message":"Generic Error: connect ECONNREFUSED 127.0.0.1:3307","level":"error","timestamp":"2020-09-30 02:10:41"}
{"message":"Generic Error: connect ECONNREFUSED 127.0.0.1:3307","level":"error","timestamp":"2020-09-30 02:11:29"}
{"message":"Generic Error: connect ECONNREFUSED 127.0.0.1:3307","level":"error","timestamp":"2020-09-30 02:12:34"}
{"message":"Generic Error: connect ECONNREFUSED 127.0.0.1:3307","level":"error","timestamp":"2020-09-30 02:12:49"}
{"message":"Generic Error: connect ECONNREFUSED 127.0.0.1:3307","level":"error","timestamp":"2020-09-30 02:13:09"}
{"message":"Generic Error: connect ECONNREFUSED 127.0.0.1:3307","level":"error","timestamp":"2020-09-30 02:14:38"}
{"message":"Node App started on port: 5001","level":"info","timestamp":"2020-09-30 02:58:42"}
{"message":"Generic Error: connect ECONNREFUSED 127.0.0.1:3307","level":"error","timestamp":"2020-09-30 03:01:37"}
{"message":"Node App started on port: 5001","level":"info","timestamp":"2020-09-30 03:35:28"}
{"message":"Node App started on port: 5001","level":"info","timestamp":"2020-09-30 09:16:40"}
{"message":"Generic Error: Client does not support authentication protocol requested by server; consider upgrading MySQL client","level":"error","timestamp":"2020-09-30 09:16:52"}
{"message":"Generic Error: Client does not support authentication protocol requested by server; consider upgrading MySQL client","level":"error","timestamp":"2020-09-30 09:17:48"}
{"message":"Generic Error: Client does not support authentication protocol requested by server; consider upgrading MySQL client","level":"error","timestamp":"2020-09-30 09:17:55"}
{"message":"Node App started on port: 5001","level":"info","timestamp":"2020-09-30 09:21:45"}
{"message":"Node App started on port: 5001","level":"info","timestamp":"2020-09-30 16:23:21"}
{"message":"Generic Error: Client does not support authentication protocol requested by server; consider upgrading MySQL client","level":"error","timestamp":"2020-09-30 16:29:28"}
{"message":"Generic Error: Client does not support authentication protocol requested by server; consider upgrading MySQL client","level":"error","timestamp":"2020-09-30 16:33:16"}
{"message":"Generic Error: Client does not support authentication protocol requested by server; consider upgrading MySQL client","level":"error","timestamp":"2020-09-30 16:33:48"}
{"message":"Generic Error: Client does not support authentication protocol requested by server; consider upgrading MySQL client","level":"error","timestamp":"2020-09-30 16:34:47"}
{"message":"Generic Error: Client does not support authentication protocol requested by server; consider upgrading MySQL client","level":"error","timestamp":"2020-09-30 16:35:59"}
{"message":"Generic Error: Unknown database 'vorkinsta'","level":"error","timestamp":"2020-09-30 16:59:48"}
{"message":"Generic Error: Unknown database 'vorkinsta'","level":"error","timestamp":"2020-09-30 17:02:23"}
{"message":"Generic Error: Unknown database 'vorkinsta'","level":"error","timestamp":"2020-09-30 17:09:15"}
{"message":"Generic Error: Unknown database 'vorkinsta'","level":"error","timestamp":"2020-09-30 17:09:28"}
{"message":"Generic Error: Table 'vorkinsta.country' doesn't exist","level":"error","timestamp":"2020-09-30 17:25:30"}
{"message":"Node App started on port: 5001","level":"info","timestamp":"2020-10-02 08:17:27"}
{"message":"Generic Error: Client does not support authentication protocol requested by server; consider upgrading MySQL client","level":"error","timestamp":"2020-10-02 08:17:52"}
{"message":"Generic Error: Client does not support authentication protocol requested by server; consider upgrading MySQL client","level":"error","timestamp":"2020-10-02 08:18:00"}
{"message":"Generic Error: Client does not support authentication protocol requested by server; consider upgrading MySQL client","level":"error","timestamp":"2020-10-02 08:18:16"}
{"message":"Node App started on port: 5001","level":"info","timestamp":"2020-10-02 08:26:16"}
{"message":"Generic Error: Table 'vorkinsta.country' doesn't exist","level":"error","timestamp":"2020-10-02 08:27:33"}
{"message":"Generic Error: Table 'vorkinsta.skill' doesn't exist","level":"error","timestamp":"2020-10-02 08:29:54"}
{"message":"Generic Error: Table 'vorkinsta.skill' doesn't exist","level":"error","timestamp":"2020-10-02 08:30:36"}
{"message":"Generic Error: Table 'vorkinsta.skill' doesn't exist","level":"error","timestamp":"2020-10-02 08:30:51"}
{"message":"Node App started on port: 5001","level":"info","timestamp":"2020-10-02 08:35:16"}
{"message":"Node App started on port: 5001","level":"info","timestamp":"2020-10-02 08:37:21"}
{"message":"Node App started on port: 3001","level":"info","timestamp":"2020-10-02 08:39:10"}
{"message":"Node App started on port: 3001","level":"info","timestamp":"2020-10-02 08:39:28"}
{"message":"Generic Error: Client does not support authentication protocol requested by server; consider upgrading MySQL client","level":"error","timestamp":"2020-10-02 08:39:36"}
{"message":"Generic Error: Client does not support authentication protocol requested by server; consider upgrading MySQL client","level":"error","timestamp":"2020-10-02 08:39:50"}
{"message":"Generic Error: Client does not support authentication protocol requested by server; consider upgrading MySQL client","level":"error","timestamp":"2020-10-02 08:40:01"}
{"message":"Generic Error: Client does not support authentication protocol requested by server; consider upgrading MySQL client","level":"error","timestamp":"2020-10-02 08:40:16"}
{"message":"Node App started on port: 3001","level":"info","timestamp":"2020-10-02 08:59:23"}
{"message":"Node App started on port: 5001","level":"info","timestamp":"2020-10-02 10:38:51"}
{"message":"Generic Error: Client does not support authentication protocol requested by server; consider upgrading MySQL client","level":"error","timestamp":"2020-10-02 10:40:08"}
{"message":"Generic Error: Client does not support authentication protocol requested by server; consider upgrading MySQL client","level":"error","timestamp":"2020-10-02 10:40:52"}
{"message":"Generic Error: Client does not support authentication protocol requested by server; consider upgrading MySQL client","level":"error","timestamp":"2020-10-02 10:41:59"}
{"message":"Generic Error: Client does not support authentication protocol requested by server; consider upgrading MySQL client","level":"error","timestamp":"2020-10-02 11:18:20"}
{"message":"Generic Error: Client does not support authentication protocol requested by server; consider upgrading MySQL client","level":"error","timestamp":"2020-10-02 11:30:55"}
{"message":"Generic Error: Client does not support authentication protocol requested by server; consider upgrading MySQL client","level":"error","timestamp":"2020-10-02 11:54:58"}
{"message":"Node App started on port: 5001","level":"info","timestamp":"2020-10-02 12:10:46"}
{"message":"Node App started on port: 5001","level":"info","timestamp":"2020-10-02 12:16:18"}
{"message":"Node App started on port: 5001","level":"info","timestamp":"2020-10-02 12:22:31"}
{"message":"Node App started on port: 5001","level":"info","timestamp":"2020-10-02 12:29:54"}
{"message":"Generic Error: Client does not support authentication protocol requested by server; consider upgrading MySQL client","level":"error","timestamp":"2020-10-02 12:30:41"}
{"message":"Node App started on port: 5001","level":"info","timestamp":"2020-10-02 12:41:22"}
{"message":"Generic Error: Client does not support authentication protocol requested by server; consider upgrading MySQL client","level":"error","timestamp":"2020-10-02 12:41:54"}
{"message":"Node App started on port: 5001","level":"info","timestamp":"2020-10-02 18:11:32"}
{"message":"Generic Error: Client does not support authentication protocol requested by server; consider upgrading MySQL client","level":"error","timestamp":"2020-10-02 18:12:49"}
{"message":"Node App started on port: 5001","level":"info","timestamp":"2020-10-03 08:33:30"}
{"message":"Generic Error: Client does not support authentication protocol requested by server; consider upgrading MySQL client","level":"error","timestamp":"2020-10-03 08:34:50"}
{"message":"Generic Error: WHERE parameter \"email_id\" has invalid \"undefined\" value","level":"error","timestamp":"2020-10-03 08:37:32"}
{"message":"Generic Error: WHERE parameter \"email_id\" has invalid \"undefined\" value","level":"error","timestamp":"2020-10-03 08:41:17"}
{"message":"Generic Error: WHERE parameter \"email_id\" has invalid \"undefined\" value","level":"error","timestamp":"2020-10-03 08:41:50"}
{"message":"Generic Error: WHERE parameter \"email_id\" has invalid \"undefined\" value","level":"error","timestamp":"2020-10-03 08:43:01"}
{"message":"Generic Error: WHERE parameter \"email_id\" has invalid \"undefined\" value","level":"error","timestamp":"2020-10-03 08:43:47"}
{"message":"Node App started on port: 5001","level":"info","timestamp":"2020-10-03 08:50:32"}
{"message":"Node App started on port: 5001","level":"info","timestamp":"2020-10-03 08:51:27"}
{"message":"Generic Error: WHERE parameter \"email_id\" has invalid \"undefined\" value","level":"error","timestamp":"2020-10-03 08:51:35"}
{"message":"Node App started on port: 5001","level":"info","timestamp":"2020-10-03 08:59:43"}
{"message":"Node App started on port: 5001","level":"info","timestamp":"2020-10-03 09:05:06"}
{"message":"Generic Error: WHERE parameter \"email_id\" has invalid \"undefined\" value","level":"error","timestamp":"2020-10-03 09:05:12"}
{"message":"Generic Error: Client does not support authentication protocol requested by server; consider upgrading MySQL client","level":"error","timestamp":"2020-10-03 09:13:02"}
{"message":"Node App started on port: 5001","level":"info","timestamp":"2020-10-03 09:23:46"}
{"message":"Generic Error: Client does not support authentication protocol requested by server; consider upgrading MySQL client","level":"error","timestamp":"2020-10-03 09:26:34"}
{"message":"Generic Error: WHERE parameter \"email_id\" has invalid \"undefined\" value","level":"error","timestamp":"2020-10-03 09:33:35"}
{"message":"Generic Error: WHERE parameter \"email_id\" has invalid \"undefined\" value","level":"error","timestamp":"2020-10-03 09:33:59"}
{"message":"Generic Error: WHERE parameter \"email_id\" has invalid \"undefined\" value","level":"error","timestamp":"2020-10-03 09:35:04"}
{"message":"Generic Error: WHERE parameter \"email_id\" has invalid \"undefined\" value","level":"error","timestamp":"2020-10-03 09:42:50"}
{"message":"Generic Error: WHERE parameter \"email_id\" has invalid \"undefined\" value","level":"error","timestamp":"2020-10-03 09:44:05"}
{"message":"Generic Error: WHERE parameter \"email_id\" has invalid \"undefined\" value","level":"error","timestamp":"2020-10-03 09:45:29"}
{"message":"Node App started on port: 5001","level":"info","timestamp":"2020-10-03 09:56:08"}
{"message":"Generic Error: WHERE parameter \"email_id\" has invalid \"undefined\" value","level":"error","timestamp":"2020-10-03 10:01:07"}
{"message":"Generic Error: WHERE parameter \"email_id\" has invalid \"undefined\" value","level":"error","timestamp":"2020-10-03 10:01:11"}
{"message":"Node App started on port: 5001","level":"info","timestamp":"2020-10-03 10:04:54"}
{"message":"Generic Error: WHERE parameter \"email_id\" has invalid \"undefined\" value","level":"error","timestamp":"2020-10-03 10:05:36"}
{"message":"Node App started on port: 5001","level":"info","timestamp":"2020-10-03 10:07:07"}
{"message":"Generic Error: WHERE parameter \"email_id\" has invalid \"undefined\" value","level":"error","timestamp":"2020-10-03 10:08:33"}
{"message":"Node App started on port: 5001","level":"info","timestamp":"2020-10-03 10:19:22"}
{"message":"Node App started on port: 5001","level":"info","timestamp":"2020-10-03 10:40:31"}
{"message":"Node App started on port: 5001","level":"info","timestamp":"2020-10-03 10:43:43"}
{"message":"Node App started on port: 5001","level":"info","timestamp":"2020-10-03 14:29:27"}
{"message":"Node App started on port: 5001","level":"info","timestamp":"2020-10-03 14:51:24"}
{"message":"Node App started on port: 5001","level":"info","timestamp":"2020-10-03 15:23:28"}
{"message":"Node App started on port: 5001","level":"info","timestamp":"2020-10-03 15:44:52"}
{"message":"Node App started on port: 5001","level":"info","timestamp":"2020-10-03 16:37:35"}
{"message":"Node App started on port: 5001","level":"info","timestamp":"2020-10-03 17:03:55"}
{"message":"Node App started on port: 5001","level":"info","timestamp":"2020-10-03 17:16:36"}
{"message":"Node App started on port: 5001","level":"info","timestamp":"2020-10-03 17:20:07"}
{"message":"Node App started on port: 5001","level":"info","timestamp":"2020-10-03 17:32:37"}
{"message":"Node App started on port: 5001","level":"info","timestamp":"2020-10-03 17:33:25"}
{"message":"Node App started on port: 5001","level":"info","timestamp":"2020-10-03 18:08:54"}
{"message":"Node App started on port: 5001","level":"info","timestamp":"2020-10-03 18:12:21"}
{"message":"Node App started on port: 5001","level":"info","timestamp":"2020-10-03 18:24:48"}
{"message":"Node App started on port: 5001","level":"info","timestamp":"2020-10-03 18:27:38"}
{"message":"Node App started on port: 5001","level":"info","timestamp":"2020-10-03 18:37:27"}
{"message":"Node App started on port: 5001","level":"info","timestamp":"2020-10-03 18:38:58"}
{"message":"Node App started on port: 5001","level":"info","timestamp":"2020-10-03 18:43:42"}
{"message":"Node App started on port: 5001","level":"info","timestamp":"2020-10-03 18:45:31"}
{"message":"Node App started on port: 5001","level":"info","timestamp":"2020-10-03 18:53:18"}
{"message":"Node App started on port: 5001","level":"info","timestamp":"2020-10-03 18:55:18"}
{"message":"Node App started on port: 5001","level":"info","timestamp":"2020-10-03 19:00:32"}
{"message":"Node App started on port: 5001","level":"info","timestamp":"2020-10-04 05:59:17"}
{"message":"Node App started on port: 5001","level":"info","timestamp":"2020-10-04 07:58:15"}
{"message":"Node App started on port: 5001","level":"info","timestamp":"2020-10-04 10:01:23"}
{"message":"Node App started on port: 5001","level":"info","timestamp":"2020-10-04 17:41:33"}
{"message":"Node App started on port: 5001","level":"info","timestamp":"2020-10-06 06:23:11"}
{"message":"Node App started on port: 5001","level":"info","timestamp":"2020-10-06 10:13:34"}
{"message":"Node App started on port: 5001","level":"info","timestamp":"2020-10-06 10:39:39"}
{"message":"Node App started on port: 5001","level":"info","timestamp":"2020-10-06 12:20:05"}
{"message":"Generic Error: WHERE parameter \"email_id\" has invalid \"undefined\" value","level":"error","timestamp":"2020-10-06 12:21:25"}
{"message":"Node App started on port: 5001","level":"info","timestamp":"2020-10-06 13:07:56"}
{"message":"Node App started on port: 5001","level":"info","timestamp":"2020-10-06 13:14:59"}
{"message":"Generic Error: Unexpected token 2 in JSON at position 0","level":"error","timestamp":"2020-10-06 13:41:35"}
{"message":"Generic Error: Unexpected token 2 in JSON at position 0","level":"error","timestamp":"2020-10-06 13:45:26"}
{"message":"Node App started on port: 5001","level":"info","timestamp":"2020-10-06 13:59:38"}
{"message":"Node App started on port: 5001","level":"info","timestamp":"2020-10-06 14:21:34"}
{"message":"Node App started on port: 5001","level":"info","timestamp":"2020-10-06 14:50:03"}
{"message":"Node App started on port: 5001","level":"info","timestamp":"2020-10-06 15:02:10"}
{"message":"Node App started on port: 5001","level":"info","timestamp":"2020-10-06 17:08:44"}
{"message":"Node App started on port: 5001","level":"info","timestamp":"2020-10-06 17:32:21"}
{"message":"Node App started on port: 5001","level":"info","timestamp":"2020-10-06 17:37:43"}
{"message":"Node App started on port: 5001","level":"info","timestamp":"2020-10-06 17:45:46"}
{"message":"Node App started on port: 5001","level":"info","timestamp":"2020-10-06 18:32:37"}
{"message":"Generic Error: The CORS policy for this site does not allow access from the specified Origin.","level":"error","timestamp":"2020-10-06 18:54:49"}
{"message":"Node App started on port: 5001","level":"info","timestamp":"2020-10-06 18:55:30"}
{"message":"Node App started on port: 5001","level":"info","timestamp":"2020-10-06 19:10:10"}
{"message":"Node App started on port: 5001","level":"info","timestamp":"2020-10-06 19:28:46"}
{"message":"Node App started on port: 5001","level":"info","timestamp":"2020-10-06 19:29:48"}
{"message":"Node App started on port: 5001","level":"info","timestamp":"2020-10-06 19:33:57"}
{"message":"Node App started on port: 5001","level":"info","timestamp":"2020-10-06 19:45:30"}
{"message":"Node App started on port: 5001","level":"info","timestamp":"2020-10-06 19:47:08"}
{"message":"Node App started on port: 5001","level":"info","timestamp":"2020-10-06 19:56:41"}
{"message":"Node App started on port: 5001","level":"info","timestamp":"2020-10-07 06:34:26"}
{"message":"Node App started on port: 5001","level":"info","timestamp":"2020-10-07 07:32:53"}
{"message":"Node App started on port: 5001","level":"info","timestamp":"2020-10-07 07:38:14"}
{"message":"Node App started on port: 5001","level":"info","timestamp":"2020-10-07 07:43:40"}
{"message":"Node App started on port: 5001","level":"info","timestamp":"2020-10-07 08:46:22"}
{"message":"Node App started on port: 5001","level":"info","timestamp":"2020-10-07 09:47:34"}
{"message":"Node App started on port: 5001","level":"info","timestamp":"2020-10-07 16:55:33"}
{"message":"Node App started on port: 5001","level":"info","timestamp":"2020-10-11 00:10:15"}
{"message":"Generic Error: connect ECONNREFUSED 127.0.0.1:3306","level":"error","timestamp":"2020-10-11 00:13:26"}
{"message":"Generic Error: Unknown database 'vorkinsta'","level":"error","timestamp":"2020-10-11 00:58:21"}
{"message":"Generic Error: Unknown database 'vorkinsta'","level":"error","timestamp":"2020-10-11 00:58:51"}
{"message":"Generic Error: Unknown database 'vorkinsta'","level":"error","timestamp":"2020-10-11 00:58:51"}
{"message":"Node App started on port: 5001","level":"info","timestamp":"2020-10-11 19:21:14"}
{"message":"Generic Error: Table 'vorkinsta.country' doesn't exist","level":"error","timestamp":"2020-10-11 19:41:35"}
{"message":"Generic Error: Table 'vorkinsta.state' doesn't exist","level":"error","timestamp":"2020-10-11 19:41:35"}
{"message":"Node App started on port: undefined","level":"info","timestamp":"2020-12-08 22:44:48"}
{"message":"Node App started on port: 5001","level":"info","timestamp":"2020-12-08 22:56:41"}
{"message":"Node App started on port: 5001","level":"info","timestamp":"2020-12-08 23:12:02"}
{"message":"Node App started on port: 5000","level":"info","timestamp":"2020-12-08 23:22:07"}
{"message":"Generic Error: WHERE parameter \"email_id\" has invalid \"undefined\" value","level":"error","timestamp":"2020-12-08 23:33:53"}
{"message":"Generic Error: Client does not support authentication protocol requested by server; consider upgrading MySQL client","level":"error","timestamp":"2020-12-08 23:34:06"}
{"message":"Generic Error: WHERE parameter \"email_id\" has invalid \"undefined\" value","level":"error","timestamp":"2020-12-08 23:34:13"}
{"message":"Generic Error: WHERE parameter \"email_id\" has invalid \"undefined\" value","level":"error","timestamp":"2020-12-08 23:34:21"}
{"message":"Generic Error: WHERE parameter \"email_id\" has invalid \"undefined\" value","level":"error","timestamp":"2020-12-08 23:34:40"}
{"message":"Generic Error: Client does not support authentication protocol requested by server; consider upgrading MySQL client","level":"error","timestamp":"2020-12-08 23:36:36"}
{"message":"Generic Error: WHERE parameter \"email_id\" has invalid \"undefined\" value","level":"error","timestamp":"2020-12-08 23:41:55"}
{"message":"Generic Error: WHERE parameter \"email_id\" has invalid \"undefined\" value","level":"error","timestamp":"2020-12-08 23:42:11"}
{"message":"Generic Error: WHERE parameter \"email_id\" has invalid \"undefined\" value","level":"error","timestamp":"2020-12-08 23:42:26"}
{"message":"Generic Error: WHERE parameter \"email_id\" has invalid \"undefined\" value","level":"error","timestamp":"2020-12-08 23:45:51"}
{"message":"Generic Error: WHERE parameter \"email_id\" has invalid \"undefined\" value","level":"error","timestamp":"2020-12-08 23:45:57"}
{"message":"Node App started on port: 5001","level":"info","timestamp":"2020-12-09 00:04:07"}
